analisi
anuarioiet
anuariolopedevega
arqueotext
athenea
base
brumal
catJL
ciencies
clil
da
dag
dag2
dea
demo
doblele
educar
elcvia
enrahonar
ensciencias
faventia
formacio
formaciojs
formaciomp
fraseolex
git
grafica
grafica2
grafowp
indialogs
isogloss
jhsgl
jtl3
karanos
languesparole
locus
manuscrits
medievalia
mitologias
monografies
nuevasdeindias
orsis
papers
periferia
periodicum
qp
quaderns
quadernsiee
quadernsitalia
quadernspsicologia
recmus
redes
regroc
rubrica
rutacom
scriptum
studiaaurea
tdevorado
test05-ojs
tradumatica
traefik
treballsarqueologia
web-publicacions
web-test
